<?xml version="1.0" encoding="UTF-8"?>
<!-- Generated by org.testng.reporters.JUnitXMLReporter -->
<testsuite ignored="0" hostname="DESKTOP-C7HII46" failures="0" tests="4" name="Default test" time="6.685" errors="0" timestamp="2025-02-12T10:19:02 IST">
  <testcase classname="elevateProjectAPI.APIAutomationTest" name="getUsers" time="3.483"/>
  <testcase classname="elevateProjectAPI.APIAutomationTest" name="postUsers" time="1.043"/>
  <testcase classname="elevateProjectAPI.APIAutomationTest" name="putUsers" time="1.225"/>
  <testcase classname="elevateProjectAPI.APIAutomationTest" name="deleteUsers" time="0.862"/>
</testsuite> <!-- Default test -->
