<?xml version="1.0" encoding="UTF-8"?>
<testng-results ignored="0" total="4" passed="4" failed="0" skipped="0">
  <reporter-output>
  </reporter-output>
  <suite started-at="2025-02-12T10:18:55 IST" name="Default suite" finished-at="2025-02-12T10:19:02 IST" duration-ms="6685">
    <groups>
    </groups>
    <test started-at="2025-02-12T10:18:55 IST" name="Default test" finished-at="2025-02-12T10:19:02 IST" duration-ms="6685">
      <class name="elevateProjectAPI.APIAutomationTest">
        <test-method signature="getUsers()[pri:1, instance:elevateProjectAPI.APIAutomationTest@52bf72b5]" started-at="2025-02-12T10:18:55 IST" name="getUsers" finished-at="2025-02-12T10:18:59 IST" duration-ms="3483" status="PASS">
          <reporter-output>
          </reporter-output>
        </test-method> <!-- getUsers -->
        <test-method signature="postUsers()[pri:2, instance:elevateProjectAPI.APIAutomationTest@52bf72b5]" started-at="2025-02-12T10:18:59 IST" name="postUsers" finished-at="2025-02-12T10:19:00 IST" duration-ms="1043" status="PASS">
          <reporter-output>
          </reporter-output>
        </test-method> <!-- postUsers -->
        <test-method signature="putUsers()[pri:3, instance:elevateProjectAPI.APIAutomationTest@52bf72b5]" started-at="2025-02-12T10:19:00 IST" name="putUsers" finished-at="2025-02-12T10:19:01 IST" duration-ms="1225" status="PASS">
          <reporter-output>
          </reporter-output>
        </test-method> <!-- putUsers -->
        <test-method signature="deleteUsers()[pri:4, instance:elevateProjectAPI.APIAutomationTest@52bf72b5]" started-at="2025-02-12T10:19:01 IST" name="deleteUsers" finished-at="2025-02-12T10:19:02 IST" duration-ms="862" status="PASS">
          <reporter-output>
          </reporter-output>
        </test-method> <!-- deleteUsers -->
      </class> <!-- elevateProjectAPI.APIAutomationTest -->
    </test> <!-- Default test -->
  </suite> <!-- Default suite -->
</testng-results>
