<?xml version="1.0" encoding="UTF-8"?>
<!-- Generated by org.testng.reporters.JUnitReportReporter -->
<testsuite hostname="DESKTOP-C7HII46" failures="0" tests="4" name="elevateProjectAPI.APIAutomationTest" time="6.613" errors="0" timestamp="2025-02-12T10:19:02 IST" skipped="0">
  <testcase classname="elevateProjectAPI.APIAutomationTest" name="getUsers" time="3.483"/>
  <system-out/>
  <testcase classname="elevateProjectAPI.APIAutomationTest" name="postUsers" time="1.043"/>
  <system-out/>
  <testcase classname="elevateProjectAPI.APIAutomationTest" name="putUsers" time="1.225"/>
  <system-out/>
  <testcase classname="elevateProjectAPI.APIAutomationTest" name="deleteUsers" time="0.862"/>
  <system-out/>
</testsuite> <!-- elevateProjectAPI.APIAutomationTest -->
